[09-Sep-2018 13:28:10 UTC] PHP Warning:  require(../mysqli_connect.php): failed to open stream: No such file or directory in /home/ubuntu/workspace/Labs/Lab2/view_users.php on line 10
[09-Sep-2018 13:28:10 UTC] PHP Stack trace:
[09-Sep-2018 13:28:10 UTC] PHP   1. {main}() /home/ubuntu/workspace/Labs/Lab2/view_users.php:0
[09-Sep-2018 13:28:10 UTC] PHP Fatal error:  require(): Failed opening required '../mysqli_connect.php' (include_path='.:/usr/share/php:/usr/share/pear') in /home/ubuntu/workspace/Labs/Lab2/view_users.php on line 10
[09-Sep-2018 13:28:10 UTC] PHP Stack trace:
[09-Sep-2018 13:28:10 UTC] PHP   1. {main}() /home/ubuntu/workspace/Labs/Lab2/view_users.php:0
[09-Sep-2018 13:42:43 UTC] PHP Warning:  require(../mysqli_connect.php): failed to open stream: No such file or directory in /home/ubuntu/workspace/Labs/Lab2/register.php on line 10
[09-Sep-2018 13:42:43 UTC] PHP Stack trace:
[09-Sep-2018 13:42:43 UTC] PHP   1. {main}() /home/ubuntu/workspace/Labs/Lab2/register.php:0
[09-Sep-2018 13:42:43 UTC] PHP Fatal error:  require(): Failed opening required '../mysqli_connect.php' (include_path='.:/usr/share/php:/usr/share/pear') in /home/ubuntu/workspace/Labs/Lab2/register.php on line 10
[09-Sep-2018 13:42:43 UTC] PHP Stack trace:
[09-Sep-2018 13:42:43 UTC] PHP   1. {main}() /home/ubuntu/workspace/Labs/Lab2/register.php:0
[09-Sep-2018 13:43:24 UTC] PHP Warning:  require(../mysqli_connect.php): failed to open stream: No such file or directory in /home/ubuntu/workspace/Labs/Lab2/register.php on line 10
[09-Sep-2018 13:43:24 UTC] PHP Stack trace:
[09-Sep-2018 13:43:24 UTC] PHP   1. {main}() /home/ubuntu/workspace/Labs/Lab2/register.php:0
[09-Sep-2018 13:43:24 UTC] PHP Fatal error:  require(): Failed opening required '../mysqli_connect.php' (include_path='.:/usr/share/php:/usr/share/pear') in /home/ubuntu/workspace/Labs/Lab2/register.php on line 10
[09-Sep-2018 13:43:24 UTC] PHP Stack trace:
[09-Sep-2018 13:43:24 UTC] PHP   1. {main}() /home/ubuntu/workspace/Labs/Lab2/register.php:0
[09-Sep-2018 13:49:25 UTC] PHP Warning:  require(../mysqli_connect.php): failed to open stream: No such file or directory in /home/ubuntu/workspace/Labs/Lab2/view_users.php on line 10
[09-Sep-2018 13:49:25 UTC] PHP Stack trace:
[09-Sep-2018 13:49:25 UTC] PHP   1. {main}() /home/ubuntu/workspace/Labs/Lab2/view_users.php:0
[09-Sep-2018 13:49:25 UTC] PHP Fatal error:  require(): Failed opening required '../mysqli_connect.php' (include_path='.:/usr/share/php:/usr/share/pear') in /home/ubuntu/workspace/Labs/Lab2/view_users.php on line 10
[09-Sep-2018 13:49:25 UTC] PHP Stack trace:
[09-Sep-2018 13:49:25 UTC] PHP   1. {main}() /home/ubuntu/workspace/Labs/Lab2/view_users.php:0
[09-Sep-2018 13:49:27 UTC] PHP Warning:  require(../mysqli_connect.php): failed to open stream: No such file or directory in /home/ubuntu/workspace/Labs/Lab2/view_users.php on line 10
[09-Sep-2018 13:49:27 UTC] PHP Stack trace:
[09-Sep-2018 13:49:27 UTC] PHP   1. {main}() /home/ubuntu/workspace/Labs/Lab2/view_users.php:0
[09-Sep-2018 13:49:27 UTC] PHP Fatal error:  require(): Failed opening required '../mysqli_connect.php' (include_path='.:/usr/share/php:/usr/share/pear') in /home/ubuntu/workspace/Labs/Lab2/view_users.php on line 10
[09-Sep-2018 13:49:27 UTC] PHP Stack trace:
[09-Sep-2018 13:49:27 UTC] PHP   1. {main}() /home/ubuntu/workspace/Labs/Lab2/view_users.php:0
